<?xml version="1.0" encoding="UTF-8"?>
<!-- Generated by org.testng.reporters.JUnitReportReporter -->
<testsuite hostname="ATMECSBLRLT-095" failures="0" tests="4" name="com.alert.script.AlertScript" time="6.614" errors="0" timestamp="26 Apr 2021 06:31:38 GMT" skipped="0">
  <testcase classname="com.alert.script.AlertScript" name="excelInitiation" time="1.233"/>
  <testcase classname="com.alert.script.AlertScript" name="findHeaderCell" time="0.016"/>
  <testcase classname="com.alert.script.AlertScript" name="findGivenDataRow" time="0.004"/>
  <testcase classname="com.alert.script.AlertScript" name="find" time="5.361"/>
</testsuite> <!-- com.alert.script.AlertScript -->
