<?xml version="1.0" encoding="UTF-8"?>
<!-- Generated by org.testng.reporters.JUnitReportReporter -->
<testsuite hostname="ATMECSBLRLT-095" failures="0" tests="4" name="com.alert.script.AlertScript" time="5.690" errors="0" timestamp="21 Apr 2021 12:48:57 GMT" skipped="0">
  <testcase classname="com.alert.script.AlertScript" name="findHeaderCell" time="0.006"/>
  <testcase classname="com.alert.script.AlertScript" name="find" time="5.250"/>
  <testcase classname="com.alert.script.AlertScript" name="excelInitiation" time="0.431"/>
  <testcase classname="com.alert.script.AlertScript" name="findGivenDataRow" time="0.003"/>
</testsuite> <!-- com.alert.script.AlertScript -->
